<?xml version="1.0" encoding="UTF-8"?>
<testsuite name="GradleTestRunner$GradleTestRunner1" tests="0" skipped="0" failures="0" errors="0" timestamp="1970-01-01T00:00:00" hostname="DESKTOP-32DHRQ8" time="0.0">
  <properties/>
  <system-out><![CDATA[??????????: ????? ? ??????? ? ????? ?? ?????

  ????????: ???????? ????? ? ??????? ??????? ? ????? ?? ?????                                                                 ?[90m# C:/Users/nikol/IdeaProjects/QAJavaLessons/Gradle/BDDAkita/build/resources/test/features/MoneyTransfer.feature:4?[0m

1 Scenarios (?[32m1 passed?[0m)
3 Steps (?[32m3 passed?[0m)
0m8.168s

]]></system-out>
  <system-err><![CDATA[]]></system-err>
</testsuite>
