<?xml version="1.0" encoding="UTF-8"?>
<testsuite name="Логин и перевод с карты на карту" tests="1" skipped="1" failures="0" errors="0" timestamp="2022-01-09T22:05:27" hostname="DESKTOP-32DHRQ8" time="0.107">
  <properties/>
  <testcase name="Успешный логин и перевод средств с карты на карту" classname="Логин и перевод с карты на карту" time="0.107">
    <skipped/>
  </testcase>
  <system-out><![CDATA[    ?[33m????? ?[0m?[33m???????????? ????????? ? ?????? "vasya" ? ??????? "qwerty123";?[0m                                                      ?[90m# null?[0m
    ?[33m????? ?[0m?[33m?? ????????? "5 000" ?????? ? ????? ? ??????? "5559 0000 0000 0002" ?? ???? "1" ????? ?? ???????? ???????? ???????;?[0m ?[90m# null?[0m
    ?[33m????? ?[0m?[33m?????? ??? "1" ????? ?? ?????? ?? ??????? ???????? ?????? ????? "15 000" ??????.?[0m                                    ?[90m# null?[0m
]]></system-out>
  <system-err><![CDATA[[Test worker] WARN org.reflections.Reflections - given scan urls are empty. set urls in the configuration
[Test worker] INFO ru.alfabank.steps.InitialSetupHooks - ????? ????? ???????? ????????
]]></system-err>
</testsuite>
