<?xml version="1.0" encoding="UTF-8"?>
<testsuite name="Логин и перевод с карты на карту" tests="1" skipped="0" failures="0" errors="0" timestamp="2022-01-10T22:01:46" hostname="DESKTOP-32DHRQ8" time="8.149">
  <properties/>
  <testcase name="Успешный логин и перевод средств с карты на карту" classname="Логин и перевод с карты на карту" time="8.149"/>
  <system-out><![CDATA[    ?[32m????? ?[0m?[32m???????????? ????????? ? ?????? "?[0m?[32m?[1mvasya?[0m?[32m" ? ??????? "?[0m?[32m?[1mqwerty123?[0m?[32m";?[0m                                                      ?[90m# Steps.loginWithNameAndPassword(String,String)?[0m
    ?[32m????? ?[0m?[32m?? ????????? "?[0m?[32m?[1m5 000?[0m?[32m" ?????? ? ????? ? ??????? "?[0m?[32m?[1m5559 0000 0000 0002?[0m?[32m" ?? ???? "?[0m?[32m?[1m1?[0m?[32m" ????? ?? ???????? ???????? ???????;?[0m ?[90m# Steps.transferMoneyFromSecondToFirstCard(String,String,String)?[0m
    ?[32m????? ?[0m?[32m?????? ??? "?[0m?[32m?[1m1?[0m?[32m" ????? ?? ?????? ?? ??????? ???????? ?????? ????? "?[0m?[32m?[1m15 000?[0m?[32m" ??????.?[0m                                    ?[90m# Steps.checkBalanceFirstCard(String,String)?[0m
]]></system-out>
  <system-err><![CDATA[[Test worker] WARN org.reflections.Reflections - given scan urls are empty. set urls in the configuration
[Test worker] INFO ru.alfabank.steps.InitialSetupHooks - ????? ????? ???????? ????????
Jan 10, 2022 3:01:46 PM com.codeborne.selenide.drivercommands.LazyDriver getAndCheckWebDriver
INFO: No webdriver is bound to current thread: 14 - let's create a new webdriver
[Test worker] INFO io.github.bonigarcia.wdm.WebDriverManager - Using chromedriver 96.0.4664.45 (since Google Chrome 96 is installed in your machine)
[Test worker] INFO io.github.bonigarcia.wdm.WebDriverManager - Exporting webdriver.chrome.driver as C:\Users\nikol\.m2\repository\webdriver\chromedriver\win32\96.0.4664.45\chromedriver.exe
Starting ChromeDriver 96.0.4664.45 (76e4c1bb2ab4671b8beba3444e61c0f17584b2fc-refs/branch-heads/4664@{#947}) on port 3267
Only local connections are allowed.
Please see https://chromedriver.chromium.org/security-considerations for suggestions on keeping ChromeDriver safe.
ChromeDriver was started successfully.
Jan 10, 2022 3:01:49 PM org.openqa.selenium.remote.ProtocolHandshake createSession
INFO: Detected dialect: W3C
Jan 10, 2022 3:01:49 PM com.codeborne.selenide.webdriver.BrowserResizer adjustBrowserSize
INFO: Set browser size to 1366x768
Jan 10, 2022 3:01:50 PM com.codeborne.selenide.webdriver.WebDriverFactory logBrowserVersion
INFO: BrowserName=chrome Version=96.0.4664.110 Platform=WINDOWS
Jan 10, 2022 3:01:50 PM com.codeborne.selenide.webdriver.WebDriverFactory createWebDriver
INFO: Selenide v. 5.3.1
Jan 10, 2022 3:01:50 PM com.codeborne.selenide.webdriver.WebDriverFactory logSeleniumInfo
INFO: Selenium WebDriver v. 3.141.59 build time: 2018-11-14T08:17:03
Jan 10, 2022 3:01:50 PM com.codeborne.selenide.drivercommands.CreateDriverCommand createDriver
INFO: Create webdriver in current thread 14: ChromeDriver -> ChromeDriver: chrome on WINDOWS (8b8152e1ae2c6197eb76276524756572)
Jan 10, 2022 3:01:53 PM com.codeborne.selenide.drivercommands.CloseDriverCommand run
INFO: Close webdriver: 14 -> ChromeDriver: chrome on WINDOWS (8b8152e1ae2c6197eb76276524756572)
Jan 10, 2022 3:01:53 PM com.codeborne.selenide.drivercommands.CloseBrowser run
INFO: Trying to close the browser ChromeDriver ...
Jan 10, 2022 3:01:54 PM com.codeborne.selenide.drivercommands.CloseDriverCommand run
INFO: Closed webdriver 14 in 665 ms
]]></system-err>
</testsuite>
