<?xml version="1.0" encoding="UTF-8"?>
<testsuite name="GradleTestRunner$GradleTestRunner1" tests="0" skipped="0" failures="0" errors="0" timestamp="1970-01-01T00:00:00" hostname="DESKTOP-32DHRQ8" time="0.0">
  <properties/>
  <system-out><![CDATA[??????????: ????? ? ??????? ? ????? ?? ?????

  ????????: ???????? ????? ? ??????? ??????? ? ????? ?? ?????                                                                 ?[90m# C:/Users/nikol/IdeaProjects/QAJavaLessons/Gradle/BDDAkita/build/resources/test/features/MoneyTransfer.feature:4?[0m

1 Scenarios (?[33m1 undefined?[0m)
3 Steps (?[33m3 undefined?[0m)
0m0.130s


You can implement missing steps with the snippets below:

@?????("^???????????? ????????? ? ?????? \"([^\"]*)\" ? ??????? \"([^\"]*)\";$")
public void ????????????_?????????_?_??????_?_???????(String arg1, String arg2) {
    // Write code here that turns the phrase above into concrete actions
    throw new PendingException();
}

@?????("^?? ????????? \"([^\"]*)\" ?????? ? ????? ? ??????? \"([^\"]*)\" ?? ???? \"([^\"]*)\" ????? ?? ???????? ???????? ???????;$")
public void ??_?????????_??????_?_?????_?_???????_??_????_?????_??_????????_????????_???????(String arg1, String arg2, String arg3) {
    // Write code here that turns the phrase above into concrete actions
    throw new PendingException();
}

@?????("^?????? ??? \"([^\"]*)\" ????? ?? ?????? ?? ??????? ???????? ?????? ????? \"([^\"]*)\" ??????\\.$")
public void ??????_???_?????_??_??????_??_???????_????????_??????_?????_??????(String arg1, String arg2) {
    // Write code here that turns the phrase above into concrete actions
    throw new PendingException();
}

]]></system-out>
  <system-err><![CDATA[]]></system-err>
</testsuite>
